*********************************************************************************** 
*                          2015-12-25 -- 21:12:40,52                          * 
*********************************************************************************** 
A subdirectory or file place-apk-here-to-batch-optimize already exists.
*********************************************************************************** 
*                          2015-12-30 --  1:09:12,08                          * 
*********************************************************************************** 
'mode' is not recognized as an internal or external command,
operable program or batch file.
*********************************************************************************** 
*                          04/01/2016 -- 19:50:25.40                          * 
*********************************************************************************** 
The system cannot find the path specified.
*********************************************************************************** 
*                          04/01/2016 -- 22:42:48.21                          * 
*********************************************************************************** 
*********************************************************************************** 
*                          04/01/2016 -- 23:10:06.18                          * 
*********************************************************************************** 
The system cannot find the path specified.
The system cannot find the path specified.
*********************************************************************************** 
*                          04/01/2016 -- 23:26:40.14                          * 
*********************************************************************************** 
The system cannot find the path specified.
*********************************************************************************** 
*                          09/01/2016 -- 17:41:54.68                          * 
*********************************************************************************** 
A subdirectory or file projects already exists.
A subdirectory or file place-apk-here-for-modding already exists.
A subdirectory or file place-ogg-here already exists.
A subdirectory or file place-apk-here-to-batch-optimize already exists.
A subdirectory or file place-apk-here-for-signing already exists.
A subdirectory or file transferred already exists.
The system cannot find the path specified.
*********************************************************************************** 
*                          16/01/2016 --  4:25:44.76                          * 
*********************************************************************************** 
*********************************************************************************** 
*                          22/02/2016 -- 18:44:08.42                          * 
*********************************************************************************** 
The system cannot find the path specified.
*********************************************************************************** 
*                          22/02/2016 -- 18:48:50.98                          * 
*********************************************************************************** 
*********************************************************************************** 
*                          22/02/2016 -- 18:49:08.66                          * 
*********************************************************************************** 
The system cannot find the path specified.
*********************************************************************************** 
*                          05/03/2016 -- 15:32:57.97                          * 
*********************************************************************************** 
The system cannot find the path specified.
The system cannot find the path specified.
*********************************************************************************** 
*                          05/03/2016 -- 16:56:17.55                          * 
*********************************************************************************** 
*********************************************************************************** 
*                          05/03/2016 -- 21:19:04.17                          * 
*********************************************************************************** 
*********************************************************************************** 
*                          19/03/2016 -- 15:09:10.79                          * 
*********************************************************************************** 
The system cannot find the path specified.
The system cannot find the path specified.
*********************************************************************************** 
*                          19/03/2016 -- 15:13:23.02                          * 
*********************************************************************************** 
*********************************************************************************** 
*                          20/03/2016 -- 23:51:09.19                          * 
*********************************************************************************** 
The system cannot find the path specified.
The system cannot find the path specified.
*********************************************************************************** 
*                          20/03/2016 -- 23:52:17.02                          * 
*********************************************************************************** 
*********************************************************************************** 
*                          20/03/2016 -- 23:55:46.59                          * 
*********************************************************************************** 
*********************************************************************************** 
*                          23/03/2016 -- 20:44:37.27                          * 
*********************************************************************************** 
The system cannot find the path specified.
*********************************************************************************** 
*                          23/03/2016 -- 20:46:33.80                          * 
*********************************************************************************** 
The system cannot find the path specified.
